-------------------------------------------------------------------------------
Test set: org.jfree.chart.PieChartTest
-------------------------------------------------------------------------------
Tests run: 1, Failures: 0, Errors: 1, Skipped: 0, Time elapsed: 0.246 sec <<< FAILURE!
testReplaceDatasetOnPieChart(org.jfree.chart.PieChartTest)  Time elapsed: 0.094 sec  <<< ERROR!
java.lang.UnsatisfiedLinkError: Can't load library: /usr/lib/jvm/java-11-openjdk-amd64/lib/libawt_xawt.so
	at java.base/java.lang.ClassLoader.loadLibrary(ClassLoader.java:2638)
	at java.base/java.lang.Runtime.load0(Runtime.java:768)
	at java.base/java.lang.System.load(System.java:1850)
	at java.base/java.lang.ClassLoader$NativeLibrary.load0(Native Method)
	at java.base/java.lang.ClassLoader$NativeLibrary.load(ClassLoader.java:2450)
	at java.base/java.lang.ClassLoader$NativeLibrary.loadLibrary(ClassLoader.java:2506)
	at java.base/java.lang.ClassLoader.loadLibrary0(ClassLoader.java:2705)
	at java.base/java.lang.ClassLoader.loadLibrary(ClassLoader.java:2656)
	at java.base/java.lang.Runtime.loadLibrary0(Runtime.java:830)
	at java.base/java.lang.System.loadLibrary(System.java:1886)
	at java.desktop/java.awt.Toolkit$3.run(Toolkit.java:1395)
	at java.desktop/java.awt.Toolkit$3.run(Toolkit.java:1393)
	at java.base/java.security.AccessController.doPrivileged(Native Method)
	at java.desktop/java.awt.Toolkit.loadLibraries(Toolkit.java:1392)
	at java.desktop/java.awt.Toolkit.<clinit>(Toolkit.java:1425)
	at java.desktop/java.awt.Font.<clinit>(Font.java:260)
	at org.jfree.chart.axis.Axis.<clinit>(Axis.java:149)
	at org.jfree.chart.StandardChartTheme.<init>(StandardChartTheme.java:225)
	at org.jfree.chart.StandardChartTheme.<init>(StandardChartTheme.java:311)
	at org.jfree.chart.ChartFactory.<clinit>(ChartFactory.java:226)
	at org.jfree.chart.PieChartTest.createPieChart(PieChartTest.java:96)
	at org.jfree.chart.PieChartTest.setUp(PieChartTest.java:68)
	at java.base/jdk.internal.reflect.NativeMethodAccessorImpl.invoke0(Native Method)
	at java.base/jdk.internal.reflect.NativeMethodAccessorImpl.invoke(NativeMethodAccessorImpl.java:62)
	at java.base/jdk.internal.reflect.DelegatingMethodAccessorImpl.invoke(DelegatingMethodAccessorImpl.java:43)
	at java.base/java.lang.reflect.Method.invoke(Method.java:566)
	at org.junit.runners.model.FrameworkMethod$1.runReflectiveCall(FrameworkMethod.java:47)
	at org.junit.internal.runners.model.ReflectiveCallable.run(ReflectiveCallable.java:12)
	at org.junit.runners.model.FrameworkMethod.invokeExplosively(FrameworkMethod.java:44)
	at org.junit.internal.runners.statements.RunBefores.evaluate(RunBefores.java:24)
	at org.junit.runners.ParentRunner.runLeaf(ParentRunner.java:271)
	at org.junit.runners.BlockJUnit4ClassRunner.runChild(BlockJUnit4ClassRunner.java:70)
	at org.junit.runners.BlockJUnit4ClassRunner.runChild(BlockJUnit4ClassRunner.java:50)
	at org.junit.runners.ParentRunner$3.run(ParentRunner.java:238)
	at org.junit.runners.ParentRunner$1.schedule(ParentRunner.java:63)
	at org.junit.runners.ParentRunner.runChildren(ParentRunner.java:236)
	at org.junit.runners.ParentRunner.access$000(ParentRunner.java:53)
	at org.junit.runners.ParentRunner$2.evaluate(ParentRunner.java:229)
	at org.junit.runners.ParentRunner.run(ParentRunner.java:309)
	at org.apache.maven.surefire.junit4.JUnit4TestSet.execute(JUnit4TestSet.java:53)
	at org.apache.maven.surefire.junit4.JUnit4Provider.executeTestSet(JUnit4Provider.java:123)
	at org.apache.maven.surefire.junit4.JUnit4Provider.invoke(JUnit4Provider.java:104)
	at java.base/jdk.internal.reflect.NativeMethodAccessorImpl.invoke0(Native Method)
	at java.base/jdk.internal.reflect.NativeMethodAccessorImpl.invoke(NativeMethodAccessorImpl.java:62)
	at java.base/jdk.internal.reflect.DelegatingMethodAccessorImpl.invoke(DelegatingMethodAccessorImpl.java:43)
	at java.base/java.lang.reflect.Method.invoke(Method.java:566)
	at org.apache.maven.surefire.util.ReflectionUtils.invokeMethodWithArray(ReflectionUtils.java:164)
	at org.apache.maven.surefire.booter.ProviderFactory$ProviderProxy.invoke(ProviderFactory.java:110)
	at org.apache.maven.surefire.booter.SurefireStarter.invokeProvider(SurefireStarter.java:175)
	at org.apache.maven.surefire.booter.SurefireStarter.runSuitesInProcessWhenForked(SurefireStarter.java:107)
	at org.apache.maven.surefire.booter.ForkedBooter.main(ForkedBooter.java:68)
